<?xml version="1.0" encoding="UTF-8"?>
<testng-results ignored="0" total="1" passed="1" failed="0" skipped="0">
  <reporter-output>
  </reporter-output>
  <suite started-at="2019-05-10T07:24:51Z" name="Default suite" finished-at="2019-05-10T07:25:58Z" duration-ms="67113">
    <groups>
    </groups>
    <test started-at="2019-05-10T07:24:51Z" name="Default test" finished-at="2019-05-10T07:25:58Z" duration-ms="67113">
      <class name="tests.NewTest">
        <test-method is-config="true" signature="setUp()[pri:0, instance:tests.NewTest@4c309d4d]" started-at="2019-05-10T07:24:51Z" name="setUp" finished-at="2019-05-10T07:25:32Z" duration-ms="41168" status="PASS">
          <reporter-output>
          </reporter-output>
        </test-method> <!-- setUp -->
        <test-method signature="test()[pri:0, instance:tests.NewTest@4c309d4d]" started-at="2019-05-10T07:25:32Z" name="test" finished-at="2019-05-10T07:25:58Z" duration-ms="25866" status="PASS">
          <reporter-output>
          </reporter-output>
        </test-method> <!-- test -->
        <test-method is-config="true" signature="tearDown()[pri:0, instance:tests.NewTest@4c309d4d]" started-at="2019-05-10T07:25:58Z" name="tearDown" finished-at="2019-05-10T07:25:58Z" duration-ms="0" status="PASS">
          <reporter-output>
          </reporter-output>
        </test-method> <!-- tearDown -->
      </class> <!-- tests.NewTest -->
    </test> <!-- Default test -->
  </suite> <!-- Default suite -->
</testng-results>
