<?xml version="1.0" encoding="UTF-8"?>
<testng-results ignored="0" total="1" passed="1" failed="0" skipped="0">
  <reporter-output>
  </reporter-output>
  <suite started-at="2019-05-02T11:06:16Z" name="Default suite" finished-at="2019-05-02T11:06:56Z" duration-ms="39459">
    <groups>
    </groups>
    <test started-at="2019-05-02T11:06:16Z" name="Default test" finished-at="2019-05-02T11:06:56Z" duration-ms="39459">
      <class name="tests.ManageStandardBills">
        <test-method is-config="true" signature="setUp()[pri:0, instance:tests.ManageStandardBills@6ff29830]" started-at="2019-05-02T11:06:16Z" name="setUp" finished-at="2019-05-02T11:06:25Z" duration-ms="9042" status="PASS">
          <reporter-output>
          </reporter-output>
        </test-method> <!-- setUp -->
        <test-method signature="test()[pri:0, instance:tests.ManageStandardBills@6ff29830]" started-at="2019-05-02T11:06:25Z" name="test" finished-at="2019-05-02T11:06:56Z" duration-ms="30381" status="PASS">
          <reporter-output>
          </reporter-output>
        </test-method> <!-- test -->
        <test-method is-config="true" signature="tearDown()[pri:0, instance:tests.ManageStandardBills@6ff29830]" started-at="2019-05-02T11:06:56Z" name="tearDown" finished-at="2019-05-02T11:06:56Z" duration-ms="0" status="PASS">
          <reporter-output>
          </reporter-output>
        </test-method> <!-- tearDown -->
      </class> <!-- tests.ManageStandardBills -->
    </test> <!-- Default test -->
  </suite> <!-- Default suite -->
</testng-results>
